2024-03-14 13:57:56,050 - ERROR - 
            Erro ao buscar: http://localhost:5046/api/Person/buscar-nome/FABIA.
            Error: Pessoa não encontrada.
    
2024-03-14 13:57:56,148 - ERROR - 
            Erro ao buscar: http://localhost:5046/api/Person/buscar-nome/DENISE- MARIA JOANA.
            Error: Pessoa não encontrada.
    
2024-03-14 13:57:58,186 - ERROR - 
            Erro ao buscar: http://localhost:5046/api/Person/buscar-nome/LIMA- BICHO CARPINTEIRO.
            Error: Pessoa não encontrada.
    
2024-03-14 13:58:01,755 - ERROR - 
            Erro ao buscar: http://localhost:5046/api/Person/buscar-nome/SDR.
            Error: Pessoa não encontrada.
    
2024-03-14 13:58:01,781 - ERROR - 
            Erro ao buscar: http://localhost:5046/api/Person/buscar-nome/SDR.
            Error: Pessoa não encontrada.
    
2024-03-14 13:58:01,806 - ERROR - 
            Erro ao buscar: http://localhost:5046/api/Person/buscar-nome/SDR.
            Error: Pessoa não encontrada.
    
2024-03-14 13:58:01,835 - ERROR - 
            Erro ao buscar: http://localhost:5046/api/Person/buscar-nome/SDR.
            Error: Pessoa não encontrada.
    
2024-03-14 13:58:01,861 - ERROR - 
            Erro ao buscar: http://localhost:5046/api/Person/buscar-nome/SDR.
            Error: Pessoa não encontrada.
    
2024-03-14 13:58:01,887 - ERROR - 
            Erro ao buscar: http://localhost:5046/api/Person/buscar-nome/SDR.
            Error: Pessoa não encontrada.
    
2024-03-14 13:58:01,914 - ERROR - 
            Erro ao buscar: http://localhost:5046/api/Person/buscar-nome/SDR.
            Error: Pessoa não encontrada.
    
2024-03-14 13:58:01,940 - ERROR - 
            Erro ao buscar: http://localhost:5046/api/Person/buscar-nome/SDR.
            Error: Pessoa não encontrada.
    
2024-03-14 13:58:01,966 - ERROR - 
            Erro ao buscar: http://localhost:5046/api/Person/buscar-nome/SDR.
            Error: Pessoa não encontrada.
    
2024-03-14 13:58:01,993 - ERROR - 
            Erro ao buscar: http://localhost:5046/api/Person/buscar-nome/SDR.
            Error: Pessoa não encontrada.
    
2024-03-14 13:58:02,021 - ERROR - 
            Erro ao buscar: http://localhost:5046/api/Person/buscar-nome/SDR.
            Error: Pessoa não encontrada.
    
2024-03-14 13:58:02,045 - ERROR - 
            Erro ao buscar: http://localhost:5046/api/Person/buscar-nome/SDR.
            Error: Pessoa não encontrada.
    
2024-03-14 13:58:02,069 - ERROR - 
            Erro ao buscar: http://localhost:5046/api/Person/buscar-nome/SDR.
            Error: Pessoa não encontrada.
    
2024-03-14 13:58:02,096 - ERROR - 
            Erro ao buscar: http://localhost:5046/api/Person/buscar-nome/SDR.
            Error: Pessoa não encontrada.
    
2024-03-14 13:58:02,127 - ERROR - 
            Erro ao buscar: http://localhost:5046/api/Person/buscar-nome/SDR.
            Error: Pessoa não encontrada.
    
2024-03-14 13:58:02,153 - ERROR - 
            Erro ao buscar: http://localhost:5046/api/Person/buscar-nome/SDR.
            Error: Pessoa não encontrada.
    
2024-03-14 13:58:02,180 - ERROR - 
            Erro ao buscar: http://localhost:5046/api/Person/buscar-nome/SDR.
            Error: Pessoa não encontrada.
    
2024-03-14 13:58:02,206 - ERROR - 
            Erro ao buscar: http://localhost:5046/api/Person/buscar-nome/SDR.
            Error: Pessoa não encontrada.
    
2024-03-14 13:58:02,952 - ERROR - 
            Erro ao buscar: http://localhost:5046/api/Person/buscar-nome/TRIBUTO JUSTO.
            Error: Pessoa não encontrada.
    
2024-03-14 13:58:02,983 - ERROR - 
            Erro ao buscar: http://localhost:5046/api/Person/buscar-nome/TRIBUTO JUSTO.
            Error: Pessoa não encontrada.
    
2024-03-14 13:58:03,009 - ERROR - 
            Erro ao buscar: http://localhost:5046/api/Person/buscar-nome/TRIBUTO JUSTO.
            Error: Pessoa não encontrada.
    
2024-03-14 13:58:03,034 - ERROR - 
            Erro ao buscar: http://localhost:5046/api/Person/buscar-nome/TRIBUTO JUSTO.
            Error: Pessoa não encontrada.
    
2024-03-14 13:58:03,060 - ERROR - 
            Erro ao buscar: http://localhost:5046/api/Person/buscar-nome/TRIBUTO JUSTO.
            Error: Pessoa não encontrada.
    
2024-03-14 13:58:03,085 - ERROR - 
            Erro ao buscar: http://localhost:5046/api/Person/buscar-nome/TRIBUTO JUSTO.
            Error: Pessoa não encontrada.
    
2024-03-14 13:58:03,112 - ERROR - 
            Erro ao buscar: http://localhost:5046/api/Person/buscar-nome/TRIBUTO JUSTO.
            Error: Pessoa não encontrada.
    
2024-03-14 13:58:03,135 - ERROR - 
            Erro ao buscar: http://localhost:5046/api/Person/buscar-nome/TRIBUTO JUSTO.
            Error: Pessoa não encontrada.
    
2024-03-14 13:58:03,160 - ERROR - 
            Erro ao buscar: http://localhost:5046/api/Person/buscar-nome/TRIBUTO JUSTO.
            Error: Pessoa não encontrada.
    
2024-03-14 13:58:03,188 - ERROR - 
            Erro ao buscar: http://localhost:5046/api/Person/buscar-nome/TRIBUTO JUSTO.
            Error: Pessoa não encontrada.
    
2024-03-14 13:58:03,215 - ERROR - 
            Erro ao buscar: http://localhost:5046/api/Person/buscar-nome/TRIBUTO JUSTO.
            Error: Pessoa não encontrada.
    
2024-03-14 13:58:03,240 - ERROR - 
            Erro ao buscar: http://localhost:5046/api/Person/buscar-nome/TRIBUTO JUSTO.
            Error: Pessoa não encontrada.
    
2024-03-14 13:58:03,265 - ERROR - 
            Erro ao buscar: http://localhost:5046/api/Person/buscar-nome/TRIBUTO JUSTO.
            Error: Pessoa não encontrada.
    
2024-03-14 13:58:03,292 - ERROR - 
            Erro ao buscar: http://localhost:5046/api/Person/buscar-nome/TRIBUTO JUSTO.
            Error: Pessoa não encontrada.
    
2024-03-14 13:58:03,316 - ERROR - 
            Erro ao buscar: http://localhost:5046/api/Person/buscar-nome/TRIBUTO JUSTO.
            Error: Pessoa não encontrada.
    
2024-03-14 13:58:03,345 - ERROR - 
            Erro ao buscar: http://localhost:5046/api/Person/buscar-nome/TRIBUTO JUSTO.
            Error: Pessoa não encontrada.
    
2024-03-14 13:58:03,370 - ERROR - 
            Erro ao buscar: http://localhost:5046/api/Person/buscar-nome/TRIBUTO JUSTO.
            Error: Pessoa não encontrada.
    
2024-03-14 13:58:03,399 - ERROR - 
            Erro ao buscar: http://localhost:5046/api/Person/buscar-nome/TRIBUTO JUSTO.
            Error: Pessoa não encontrada.
    
2024-03-14 13:58:03,424 - ERROR - 
            Erro ao buscar: http://localhost:5046/api/Person/buscar-nome/TRIBUTO JUSTO.
            Error: Pessoa não encontrada.
    
2024-03-14 13:58:03,449 - ERROR - 
            Erro ao buscar: http://localhost:5046/api/Person/buscar-nome/TRIBUTO JUSTO.
            Error: Pessoa não encontrada.
    
2024-03-14 13:58:03,475 - ERROR - 
            Erro ao buscar: http://localhost:5046/api/Person/buscar-nome/TRIBUTO JUSTO.
            Error: Pessoa não encontrada.
    
2024-03-14 13:58:03,500 - ERROR - 
            Erro ao buscar: http://localhost:5046/api/Person/buscar-nome/TRIBUTO JUSTO.
            Error: Pessoa não encontrada.
    
2024-03-14 13:58:03,526 - ERROR - 
            Erro ao buscar: http://localhost:5046/api/Person/buscar-nome/TRIBUTO JUSTO.
            Error: Pessoa não encontrada.
    
2024-03-14 13:58:03,551 - ERROR - 
            Erro ao buscar: http://localhost:5046/api/Person/buscar-nome/TRIBUTO JUSTO.
            Error: Pessoa não encontrada.
    
2024-03-14 13:58:03,579 - ERROR - 
            Erro ao buscar: http://localhost:5046/api/Person/buscar-nome/TRIBUTO JUSTO.
            Error: Pessoa não encontrada.
    
2024-03-14 13:58:03,605 - ERROR - 
            Erro ao buscar: http://localhost:5046/api/Person/buscar-nome/TRIBUTO JUSTO.
            Error: Pessoa não encontrada.
    
2024-03-14 13:58:03,635 - ERROR - 
            Erro ao buscar: http://localhost:5046/api/Person/buscar-nome/TRIBUTO JUSTO.
            Error: Pessoa não encontrada.
    
2024-03-14 13:58:03,663 - ERROR - 
            Erro ao buscar: http://localhost:5046/api/Person/buscar-nome/TRIBUTO JUSTO.
            Error: Pessoa não encontrada.
    
2024-03-14 13:58:03,689 - ERROR - 
            Erro ao buscar: http://localhost:5046/api/Person/buscar-nome/TRIBUTO JUSTO.
            Error: Pessoa não encontrada.
    
2024-03-14 13:58:03,714 - ERROR - 
            Erro ao buscar: http://localhost:5046/api/Person/buscar-nome/TRIBUTO JUSTO.
            Error: Pessoa não encontrada.
    
2024-03-14 13:58:03,741 - ERROR - 
            Erro ao buscar: http://localhost:5046/api/Person/buscar-nome/TRIBUTO JUSTO.
            Error: Pessoa não encontrada.
    
2024-03-14 13:58:03,769 - ERROR - 
            Erro ao buscar: http://localhost:5046/api/Person/buscar-nome/TRIBUTO JUSTO.
            Error: Pessoa não encontrada.
    
2024-03-14 13:58:03,796 - ERROR - 
            Erro ao buscar: http://localhost:5046/api/Person/buscar-nome/TRIBUTO JUSTO.
            Error: Pessoa não encontrada.
    
2024-03-14 13:58:03,822 - ERROR - 
            Erro ao buscar: http://localhost:5046/api/Person/buscar-nome/TRIBUTO JUSTO.
            Error: Pessoa não encontrada.
    
2024-03-14 13:58:03,851 - ERROR - 
            Erro ao buscar: http://localhost:5046/api/Person/buscar-nome/TRIBUTO JUSTO.
            Error: Pessoa não encontrada.
    
2024-03-14 13:58:03,880 - ERROR - 
            Erro ao buscar: http://localhost:5046/api/Person/buscar-nome/TRIBUTO JUSTO.
            Error: Pessoa não encontrada.
    
2024-03-14 13:58:03,906 - ERROR - 
            Erro ao buscar: http://localhost:5046/api/Person/buscar-nome/TRIBUTO JUSTO.
            Error: Pessoa não encontrada.
    
2024-03-14 13:58:03,932 - ERROR - 
            Erro ao buscar: http://localhost:5046/api/Person/buscar-nome/TRIBUTO JUSTO.
            Error: Pessoa não encontrada.
    
2024-03-14 13:58:03,957 - ERROR - 
            Erro ao buscar: http://localhost:5046/api/Person/buscar-nome/TRIBUTO JUSTO.
            Error: Pessoa não encontrada.
    
2024-03-14 13:58:03,983 - ERROR - 
            Erro ao buscar: http://localhost:5046/api/Person/buscar-nome/TRIBUTO JUSTO.
            Error: Pessoa não encontrada.
    
2024-03-14 13:58:04,010 - ERROR - 
            Erro ao buscar: http://localhost:5046/api/Person/buscar-nome/TRIBUTO JUSTO.
            Error: Pessoa não encontrada.
    
2024-03-14 13:58:08,169 - ERROR - 
            Erro ao buscar: http://localhost:5046/api/Person/buscar-nome/SDR.
            Error: Pessoa não encontrada.
    
2024-03-14 13:58:08,199 - ERROR - 
            Erro ao buscar: http://localhost:5046/api/Person/buscar-nome/SDR.
            Error: Pessoa não encontrada.
    
2024-03-14 13:58:08,228 - ERROR - 
            Erro ao buscar: http://localhost:5046/api/Person/buscar-nome/SDR.
            Error: Pessoa não encontrada.
    
2024-03-14 13:58:08,253 - ERROR - 
            Erro ao buscar: http://localhost:5046/api/Person/buscar-nome/SDR.
            Error: Pessoa não encontrada.
    
2024-03-14 13:58:08,610 - ERROR - 
            Erro ao buscar: http://localhost:5046/api/Person/buscar-nome/TRIBUTO JUSTO.
            Error: Pessoa não encontrada.
    
2024-03-14 13:58:08,640 - ERROR - 
            Erro ao buscar: http://localhost:5046/api/Person/buscar-nome/TRIBUTO JUSTO.
            Error: Pessoa não encontrada.
    
2024-03-14 13:58:08,666 - ERROR - 
            Erro ao buscar: http://localhost:5046/api/Person/buscar-nome/TRIBUTO JUSTO.
            Error: Pessoa não encontrada.
    
2024-03-14 13:58:08,694 - ERROR - 
            Erro ao buscar: http://localhost:5046/api/Person/buscar-nome/TRIBUTO JUSTO.
            Error: Pessoa não encontrada.
    
2024-03-14 13:58:08,719 - ERROR - 
            Erro ao buscar: http://localhost:5046/api/Person/buscar-nome/TRIBUTO JUSTO.
            Error: Pessoa não encontrada.
    
2024-03-14 13:58:08,746 - ERROR - 
            Erro ao buscar: http://localhost:5046/api/Person/buscar-nome/TRIBUTO JUSTO.
            Error: Pessoa não encontrada.
    
2024-03-14 13:58:08,769 - ERROR - 
            Erro ao buscar: http://localhost:5046/api/Person/buscar-nome/TRIBUTO JUSTO.
            Error: Pessoa não encontrada.
    
2024-03-14 13:58:08,795 - ERROR - 
            Erro ao buscar: http://localhost:5046/api/Person/buscar-nome/TRIBUTO JUSTO.
            Error: Pessoa não encontrada.
    
2024-03-14 13:58:08,826 - ERROR - 
            Erro ao buscar: http://localhost:5046/api/Person/buscar-nome/TRIBUTO JUSTO.
            Error: Pessoa não encontrada.
    
2024-03-14 13:58:08,852 - ERROR - 
            Erro ao buscar: http://localhost:5046/api/Person/buscar-nome/TRIBUTO JUSTO.
            Error: Pessoa não encontrada.
    
2024-03-14 13:58:08,880 - ERROR - 
            Erro ao buscar: http://localhost:5046/api/Person/buscar-nome/TRIBUTO JUSTO.
            Error: Pessoa não encontrada.
    
2024-03-14 13:58:08,908 - ERROR - 
            Erro ao buscar: http://localhost:5046/api/Person/buscar-nome/TRIBUTO JUSTO.
            Error: Pessoa não encontrada.
    
2024-03-14 13:58:08,933 - ERROR - 
            Erro ao buscar: http://localhost:5046/api/Person/buscar-nome/TRIBUTO JUSTO.
            Error: Pessoa não encontrada.
    
2024-03-14 13:58:08,961 - ERROR - 
            Erro ao buscar: http://localhost:5046/api/Person/buscar-nome/TRIBUTO JUSTO.
            Error: Pessoa não encontrada.
    
2024-03-14 13:58:08,986 - ERROR - 
            Erro ao buscar: http://localhost:5046/api/Person/buscar-nome/TRIBUTO JUSTO.
            Error: Pessoa não encontrada.
    
2024-03-14 13:58:09,013 - ERROR - 
            Erro ao buscar: http://localhost:5046/api/Person/buscar-nome/TRIBUTO JUSTO.
            Error: Pessoa não encontrada.
    
2024-03-14 13:58:09,042 - ERROR - 
            Erro ao buscar: http://localhost:5046/api/Person/buscar-nome/TRIBUTO JUSTO.
            Error: Pessoa não encontrada.
    
2024-03-14 13:58:09,068 - ERROR - 
            Erro ao buscar: http://localhost:5046/api/Person/buscar-nome/TRIBUTO JUSTO.
            Error: Pessoa não encontrada.
    
2024-03-14 13:58:09,096 - ERROR - 
            Erro ao buscar: http://localhost:5046/api/Person/buscar-nome/TRIBUTO JUSTO.
            Error: Pessoa não encontrada.
    
2024-03-14 13:58:09,124 - ERROR - 
            Erro ao buscar: http://localhost:5046/api/Person/buscar-nome/TRIBUTO JUSTO.
            Error: Pessoa não encontrada.
    
2024-03-14 13:58:10,245 - ERROR - 
            Erro ao buscar: http://localhost:5046/api/Person/buscar-nome/SDR.
            Error: Pessoa não encontrada.
    
2024-03-14 13:58:10,270 - ERROR - 
            Erro ao buscar: http://localhost:5046/api/Person/buscar-nome/SDR.
            Error: Pessoa não encontrada.
    
2024-03-14 13:58:10,457 - ERROR - 
            Erro ao buscar: http://localhost:5046/api/Person/buscar-nome/TRIBUTO JUSTO.
            Error: Pessoa não encontrada.
    
2024-03-14 13:58:10,485 - ERROR - 
            Erro ao buscar: http://localhost:5046/api/Person/buscar-nome/TRIBUTO JUSTO.
            Error: Pessoa não encontrada.
    
2024-03-14 13:58:10,512 - ERROR - 
            Erro ao buscar: http://localhost:5046/api/Person/buscar-nome/TRIBUTO JUSTO.
            Error: Pessoa não encontrada.
    
2024-03-14 13:58:10,536 - ERROR - 
            Erro ao buscar: http://localhost:5046/api/Person/buscar-nome/TRIBUTO JUSTO.
            Error: Pessoa não encontrada.
    
2024-03-14 13:58:10,569 - ERROR - 
            Erro ao buscar: http://localhost:5046/api/Person/buscar-nome/TRIBUTO JUSTO.
            Error: Pessoa não encontrada.
    
2024-03-14 13:58:10,597 - ERROR - 
            Erro ao buscar: http://localhost:5046/api/Person/buscar-nome/TRIBUTO JUSTO.
            Error: Pessoa não encontrada.
    
