2024-02-29 10:01:36,346 - ERROR -  Parceiro não localizado: EMANUEL- ROSETTI CORP
2024-02-29 10:03:14,605 - ERROR -  Parceiro não localizado: EMANUEL- ROSETTI CORP
2024-02-29 10:03:14,606 - ERROR -  Parceiro não localizado: SR. RENATO BRANCA DE JESUS - TINHO
2024-02-29 10:03:14,606 - ERROR -  Parceiro não localizado: TINHO
2024-02-29 10:03:14,607 - ERROR -  Parceiro não localizado: IVO- AUTO POSTO TRANSYARA
2024-02-29 10:03:14,607 - ERROR -  Parceiro não localizado: ROSEMERY
2024-02-29 10:03:14,608 - ERROR -  Parceiro não localizado: GLAVO- FSC
2024-02-29 10:03:14,609 - ERROR -  Parceiro não localizado: WALTER
2024-02-29 10:03:14,611 - ERROR -  Parceiro não localizado: SINDIPETRO- EMANUEL
2024-02-29 10:03:14,612 - ERROR -  Parceiro não localizado: REGIS CAVET E CASTAMAN
2024-02-29 10:03:14,612 - ERROR -  Parceiro não localizado: ALESSANDRO VALE
2024-02-29 10:03:14,613 - ERROR -  Parceiro não localizado: ALESSANDRO VALE 2
2024-02-29 10:03:14,614 - ERROR -  Parceiro não localizado: DANIELA EURO VICIELI
2024-02-29 10:03:14,614 - ERROR -  Parceiro não localizado: EDUARDO- DANIELA EURO VICIELI
2024-02-29 10:03:14,615 - ERROR -  Parceiro não localizado: MARINA- EMANUEL
2024-02-29 10:03:14,615 - ERROR -  Parceiro não localizado: JOSÉ - JULIA COLLE
2024-02-29 10:03:14,616 - ERROR -  Parceiro não localizado: ORLANDO- DANIELA
2024-02-29 10:03:14,616 - ERROR -  Parceiro não localizado: DE PAULA
2024-02-29 10:03:14,617 - ERROR -  Parceiro não localizado: THYAGO- EMANUEL
2024-02-29 10:03:14,618 - ERROR -  Parceiro não localizado: TIME CONTROL CONTABILIDADE (Kleyton)
2024-02-29 10:03:14,618 - ERROR -  Parceiro não localizado: ANNONI E KAMPMANN (DEDI)
2024-02-29 10:03:14,619 - ERROR -  Parceiro não localizado: MOTTA CAPITAL CO LTDA (ANNONI)
2024-02-29 10:03:14,620 - ERROR -  Parceiro não localizado: LAURO MONTEIRO NETO- Afonso (ANNONI)
2024-02-29 10:03:14,620 - ERROR -  Parceiro não localizado: MARCELO RANGEL (ANNONI)
2024-02-29 10:03:14,621 - ERROR -  Parceiro não localizado: JAIRO-KLEYTON
2024-02-29 10:03:14,621 - ERROR -  Parceiro não localizado: CYRINEU
2024-02-29 10:03:14,622 - ERROR -  Parceiro não localizado: SUPERTECH (FREDERICO-ANNONI
2024-02-29 10:03:14,622 - ERROR -  Parceiro não localizado: SINPETRO MS - EMANUEL
2024-02-29 10:03:14,623 - ERROR -  Parceiro não localizado: GEZIEL
2024-02-29 10:03:14,623 - ERROR -  Parceiro não localizado: SINDIPETRO PB - EMANUEL
2024-02-29 10:03:14,624 - ERROR -  Parceiro não localizado: TIME JUNIOR LEITE- FIORI-ANNONI
2024-02-29 10:03:14,624 - ERROR -  Parceiro não localizado: IGNACIO-EMANUEL
2024-02-29 10:03:14,625 - ERROR -  Parceiro não localizado: JORGE DOMINGOS-ANNONI
2024-02-29 10:03:14,626 - ERROR -  Parceiro não localizado: BESS - DAGOBERTO
2024-02-29 10:03:14,626 - ERROR -  Parceiro não localizado: ASSOHONDA - ANNONI
2024-02-29 10:03:14,627 - ERROR -  Parceiro não localizado: THARYK - BESS DAGOBERTO
2024-02-29 10:03:14,628 - ERROR -  Parceiro não localizado: JAIRO EQUIPE LONDRINA-KLEYTON
2024-02-29 10:03:14,628 - ERROR -  Parceiro não localizado: MARCELE POIANI - BESS
2024-02-29 10:03:14,629 - ERROR -  Parceiro não localizado: DSM3 PROJETOS  - ANNONI
2024-02-29 10:03:14,629 - ERROR -  Parceiro não localizado: MARCIO
2024-02-29 10:03:14,630 - ERROR -  Parceiro não localizado: PAULO MEDEIROS
2024-02-29 10:03:14,630 - ERROR -  Parceiro não localizado: ADRIANO CONTABILIDADE
2024-02-29 10:03:14,631 - ERROR -  Parceiro não localizado: MAC CONSULT MANAUS- WALTER
2024-02-29 10:03:14,631 - ERROR -  Parceiro não localizado: SABRINA MARCOLLI - BESS
2024-02-29 10:03:14,632 - ERROR -  Parceiro não localizado: NN CONTABILIDADE - BESS
2024-02-29 10:03:52,702 - ERROR -  Parceiro não localizado: EMANUEL- ROSETTI CORP
2024-02-29 10:03:52,703 - ERROR -  Parceiro não localizado: SR. RENATO BRANCA DE JESUS - TINHO
2024-02-29 10:03:52,704 - ERROR -  Parceiro não localizado: TINHO
2024-02-29 10:03:52,705 - ERROR -  Parceiro não localizado: IVO- AUTO POSTO TRANSYARA
2024-02-29 10:03:52,706 - ERROR -  Parceiro não localizado: ROSEMERY
2024-02-29 10:03:52,707 - ERROR -  Parceiro não localizado: GLAVO- FSC
2024-02-29 10:03:52,708 - ERROR -  Parceiro não localizado: WALTER
2024-02-29 10:03:52,708 - ERROR -  Parceiro não localizado: SINDIPETRO- EMANUEL
2024-02-29 10:03:52,710 - ERROR -  Parceiro não localizado: REGIS CAVET E CASTAMAN
2024-02-29 10:03:52,711 - ERROR -  Parceiro não localizado: ALESSANDRO VALE
2024-02-29 10:03:52,711 - ERROR -  Parceiro não localizado: ALESSANDRO VALE 2
2024-02-29 10:03:52,713 - ERROR -  Parceiro não localizado: DANIELA EURO VICIELI
2024-02-29 10:03:52,713 - ERROR -  Parceiro não localizado: EDUARDO- DANIELA EURO VICIELI
2024-02-29 10:03:52,713 - ERROR -  Parceiro não localizado: MARINA- EMANUEL
2024-02-29 10:03:52,713 - ERROR -  Parceiro não localizado: JOSÉ - JULIA COLLE
2024-02-29 10:03:52,713 - ERROR -  Parceiro não localizado: ORLANDO- DANIELA
2024-02-29 10:03:52,713 - ERROR -  Parceiro não localizado: DE PAULA
2024-02-29 10:03:52,713 - ERROR -  Parceiro não localizado: THYAGO- EMANUEL
2024-02-29 10:03:52,713 - ERROR -  Parceiro não localizado: TIME CONTROL CONTABILIDADE (Kleyton)
2024-02-29 10:03:52,713 - ERROR -  Parceiro não localizado: ANNONI E KAMPMANN (DEDI)
2024-02-29 10:03:52,723 - ERROR -  Parceiro não localizado: MOTTA CAPITAL CO LTDA (ANNONI)
2024-02-29 10:03:52,723 - ERROR -  Parceiro não localizado: LAURO MONTEIRO NETO- Afonso (ANNONI)
2024-02-29 10:03:52,723 - ERROR -  Parceiro não localizado: MARCELO RANGEL (ANNONI)
2024-02-29 10:03:52,726 - ERROR -  Parceiro não localizado: JAIRO-KLEYTON
2024-02-29 10:03:52,727 - ERROR -  Parceiro não localizado: CYRINEU
2024-02-29 10:03:52,728 - ERROR -  Parceiro não localizado: SUPERTECH (FREDERICO-ANNONI
2024-02-29 10:03:52,729 - ERROR -  Parceiro não localizado: SINPETRO MS - EMANUEL
2024-02-29 10:03:52,730 - ERROR -  Parceiro não localizado: GEZIEL
2024-02-29 10:03:52,731 - ERROR -  Parceiro não localizado: SINDIPETRO PB - EMANUEL
2024-02-29 10:03:52,731 - ERROR -  Parceiro não localizado: TIME JUNIOR LEITE- FIORI-ANNONI
2024-02-29 10:03:52,735 - ERROR -  Parceiro não localizado: IGNACIO-EMANUEL
2024-02-29 10:03:52,737 - ERROR -  Parceiro não localizado: JORGE DOMINGOS-ANNONI
2024-02-29 10:03:52,737 - ERROR -  Parceiro não localizado: BESS - DAGOBERTO
2024-02-29 10:03:52,737 - ERROR -  Parceiro não localizado: ASSOHONDA - ANNONI
2024-02-29 10:03:52,737 - ERROR -  Parceiro não localizado: THARYK - BESS DAGOBERTO
2024-02-29 10:03:52,742 - ERROR -  Parceiro não localizado: JAIRO EQUIPE LONDRINA-KLEYTON
2024-02-29 10:03:52,743 - ERROR -  Parceiro não localizado: MARCELE POIANI - BESS
2024-02-29 10:03:52,744 - ERROR -  Parceiro não localizado: DSM3 PROJETOS  - ANNONI
2024-02-29 10:03:52,745 - ERROR -  Parceiro não localizado: MARCIO
2024-02-29 10:03:52,746 - ERROR -  Parceiro não localizado: PAULO MEDEIROS
2024-02-29 10:03:52,747 - ERROR -  Parceiro não localizado: ADRIANO CONTABILIDADE
2024-02-29 10:03:52,747 - ERROR -  Parceiro não localizado: MAC CONSULT MANAUS- WALTER
2024-02-29 10:03:52,747 - ERROR -  Parceiro não localizado: SABRINA MARCOLLI - BESS
2024-02-29 10:03:52,747 - ERROR -  Parceiro não localizado: NN CONTABILIDADE - BESS
